<?xml version="1.0" encoding="UTF-8"?>
<testsuite xmlns:xsi="http://www.w3.org/2001/XMLSchema-instance" xsi:noNamespaceSchemaLocation="https://maven.apache.org/surefire/maven-surefire-plugin/xsd/surefire-test-report-3.0.xsd" version="3.0" name="TestSuite" time="4.944" tests="1" errors="0" skipped="0" failures="1">
  <properties>
[...]
</properties>
  <testcase name="feature[Youtube Search Validation](1)" classname="com.practiceautomation.TestRunner.TestRunner" time="4.37">
    <failure message="java.lang.AssertionError: expected [true] but found [false]" type="cucumber.runtime.CucumberException"><![CDATA[cucumber.runtime.CucumberException: java.lang.AssertionError: expected [true] but found [false]
	at com.practiceautomation.TestRunner.TestRunner.feature(TestRunner.java:31)
Caused by: java.lang.AssertionError: expected [true] but found [false]
]]></failure>
    <system-out><![CDATA[Feature: Youtube Search Validation
YouTube

  Scenario: Search a video on Youtube with given text &amp#27;[90m# TestCases.feature:2&amp#27;[0m
    &amp#27;[32mGiven &amp#27;[0m&amp#27;[32mUser launches Browser&amp#27;[0m                       &amp#27;[90m# TestCasesStepDef.openBrowser()&amp#27;[0m
    &amp#27;[31mAnd &amp#27;[0m&amp#27;[31mLaunches you tube website&amp#27;[0m                     &amp#27;[90m# TestCasesStepDef.launchYoutube()&amp#27;[0m
      &amp#27;[31mjava.lang.AssertionError: expected [true] but found [false]
      	at org.testng.Assert.fail(Assert.java:99)
      	at org.testng.Assert.failNotEquals(Assert.java:1037)
      	at org.testng.Assert.assertTrue(Assert.java:45)
      	at org.testng.Assert.assertTrue(Assert.java:55)
      	at com.practiceautomation.StepDef.TestCasesStepDef.launchYoutube(TestCasesStepDef.java:38)
      	at ✽.And Launches you tube website(TestCases.feature:4)
      &amp#27;[0m
]]></system-out>
    <system-err><![CDATA[Starting ChromeDriver 98.0.4758.80 (7f0488e8ba0d8e019187c6325a16c29d9b7f4989-refs/branch-heads/4758@{#972}) on port 37248
Only local connections are allowed.
Please see https://chromedriver.chromium.org/security-considerations for suggestions on keeping ChromeDriver safe.
ChromeDriver was started successfully.
Feb 10, 2022 11:42:22 PM org.openqa.selenium.remote.ProtocolHandshake createSession
INFO: Detected dialect: W3C
]]></system-err>
  </testcase>
</testsuite>